<?xml version="1.0" encoding="utf-8"?><testsuites name="pytest tests"><testsuite name="pytest" errors="0" failures="0" skipped="0" tests="18" time="6.081" timestamp="2026-01-20T17:43:40.971597+00:00" hostname="agent-env-97a87cbc-bd16-446f-98c1-0a9525d8ced3"><testcase classname="tests.test_admin_roles_payment.TestAdminAuthentication" name="test_super_admin_login_returns_role" time="0.288" /><testcase classname="tests.test_admin_roles_payment.TestAdminAuthentication" name="test_standard_admin_login_returns_role" time="0.263" /><testcase classname="tests.test_admin_roles_payment.TestAdminAuthentication" name="test_auth_me_returns_role_for_super_admin" time="0.304" /><testcase classname="tests.test_admin_roles_payment.TestAdminAuthentication" name="test_auth_me_returns_role_for_standard_admin" time="0.304" /><testcase classname="tests.test_admin_roles_payment.TestAdminUserManagement" name="test_get_admins_accessible_by_super_admin" time="0.301" /><testcase classname="tests.test_admin_roles_payment.TestAdminUserManagement" name="test_get_admins_forbidden_for_standard_admin" time="0.295" /><testcase classname="tests.test_admin_roles_payment.TestAdminUserManagement" name="test_create_admin_by_super_admin" time="0.559" /><testcase classname="tests.test_admin_roles_payment.TestAdminUserManagement" name="test_create_admin_forbidden_for_standard_admin" time="0.294" /><testcase classname="tests.test_admin_roles_payment.TestAdminUserManagement" name="test_update_admin_by_super_admin" time="0.599" /><testcase classname="tests.test_admin_roles_payment.TestAdminUserManagement" name="test_delete_admin_by_super_admin" time="0.600" /><testcase classname="tests.test_admin_roles_payment.TestAdminUserManagement" name="test_delete_admin_forbidden_for_standard_admin" time="0.605" /><testcase classname="tests.test_admin_roles_payment.TestCardPaymentStatus" name="test_card_payment_status_endpoint" time="0.034" /><testcase classname="tests.test_admin_roles_payment.TestCardPaymentStatus" name="test_card_payment_providers_are_valid" time="0.034" /><testcase classname="tests.test_admin_roles_payment.TestPaymentSettings" name="test_get_payment_settings" time="0.037" /><testcase classname="tests.test_admin_roles_payment.TestPaymentSettings" name="test_update_payment_settings_with_iyzico" time="0.372" /><testcase classname="tests.test_admin_roles_payment.TestPaymentSettingsProviderOptions" name="test_provider_can_be_iyzico" time="0.395" /><testcase classname="tests.test_admin_roles_payment.TestPaymentSettingsProviderOptions" name="test_provider_can_be_paytr" time="0.377" /><testcase classname="tests.test_admin_roles_payment.TestPaymentSettingsProviderOptions" name="test_provider_can_be_both" time="0.372" /></testsuite></testsuites>