<?xml version="1.0" encoding="utf-8"?><testsuites name="pytest tests"><testsuite name="pytest" errors="0" failures="0" skipped="0" tests="10" time="2.779" timestamp="2026-01-18T17:32:11.969378+00:00" hostname="agent-env-3f38882b-3c1f-49c8-aad4-e1f44a4a7532"><testcase classname="tests.test_herbalife_api.TestSiteSettings" name="test_get_site_settings" time="0.137" /><testcase classname="tests.test_herbalife_api.TestProducts" name="test_get_all_products" time="0.041" /><testcase classname="tests.test_herbalife_api.TestProducts" name="test_products_have_variant_fields" time="0.042" /><testcase classname="tests.test_herbalife_api.TestProducts" name="test_get_single_product" time="0.114" /><testcase classname="tests.test_herbalife_api.TestAuthentication" name="test_admin_login" time="0.274" /><testcase classname="tests.test_herbalife_api.TestAuthentication" name="test_admin_register_and_login" time="0.546" /><testcase classname="tests.test_herbalife_api.TestProductVariantsAvailability" name="test_create_product_with_unavailable_variants" time="0.355" /><testcase classname="tests.test_herbalife_api.TestProductVariantsAvailability" name="test_create_product_all_variants_unavailable" time="0.341" /><testcase classname="tests.test_herbalife_api.TestProductVariantsAvailability" name="test_update_variant_availability" time="0.374" /><testcase classname="tests.test_herbalife_api.TestSiteSettingsUpdate" name="test_update_site_settings" time="0.367" /></testsuite></testsuites>