<?xml version="1.0" encoding="utf-8"?><testsuites name="pytest tests"><testsuite name="pytest" errors="0" failures="4" skipped="0" tests="18" time="6.229" timestamp="2026-01-20T17:42:29.428837+00:00" hostname="agent-env-97a87cbc-bd16-446f-98c1-0a9525d8ced3"><testcase classname="tests.test_admin_roles_payment.TestAdminAuthentication" name="test_super_admin_login_returns_role" time="0.301" /><testcase classname="tests.test_admin_roles_payment.TestAdminAuthentication" name="test_standard_admin_login_returns_role" time="0.261" /><testcase classname="tests.test_admin_roles_payment.TestAdminAuthentication" name="test_auth_me_returns_role_for_super_admin" time="0.306" /><testcase classname="tests.test_admin_roles_payment.TestAdminAuthentication" name="test_auth_me_returns_role_for_standard_admin" time="0.305" /><testcase classname="tests.test_admin_roles_payment.TestAdminUserManagement" name="test_get_admins_accessible_by_super_admin" time="0.306" /><testcase classname="tests.test_admin_roles_payment.TestAdminUserManagement" name="test_get_admins_forbidden_for_standard_admin" time="0.299" /><testcase classname="tests.test_admin_roles_payment.TestAdminUserManagement" name="test_create_admin_by_super_admin" time="0.605" /><testcase classname="tests.test_admin_roles_payment.TestAdminUserManagement" name="test_create_admin_forbidden_for_standard_admin" time="0.298" /><testcase classname="tests.test_admin_roles_payment.TestAdminUserManagement" name="test_update_admin_by_super_admin" time="0.603" /><testcase classname="tests.test_admin_roles_payment.TestAdminUserManagement" name="test_delete_admin_by_super_admin" time="0.596" /><testcase classname="tests.test_admin_roles_payment.TestAdminUserManagement" name="test_delete_admin_forbidden_for_standard_admin" time="0.608" /><testcase classname="tests.test_admin_roles_payment.TestCardPaymentStatus" name="test_card_payment_status_endpoint" time="0.036" /><testcase classname="tests.test_admin_roles_payment.TestCardPaymentStatus" name="test_card_payment_providers_are_valid" time="0.039" /><testcase classname="tests.test_admin_roles_payment.TestPaymentSettings" name="test_get_payment_settings" time="0.035" /><testcase classname="tests.test_admin_roles_payment.TestPaymentSettings" name="test_update_payment_settings_with_iyzico" time="0.333"><failure message="assert 520 == 200&#10; +  where 520 = &lt;Response [520]&gt;.status_code">tests/test_admin_roles_payment.py:369: in test_update_payment_settings_with_iyzico
    assert response.status_code == 200
E   assert 520 == 200
E    +  where 520 = &lt;Response [520]&gt;.status_code</failure></testcase><testcase classname="tests.test_admin_roles_payment.TestPaymentSettingsProviderOptions" name="test_provider_can_be_iyzico" time="0.353"><failure message="assert 520 == 200&#10; +  where 520 = &lt;Response [520]&gt;.status_code">tests/test_admin_roles_payment.py:426: in test_provider_can_be_iyzico
    assert response.status_code == 200
E   assert 520 == 200
E    +  where 520 = &lt;Response [520]&gt;.status_code</failure></testcase><testcase classname="tests.test_admin_roles_payment.TestPaymentSettingsProviderOptions" name="test_provider_can_be_paytr" time="0.334"><failure message="assert 520 == 200&#10; +  where 520 = &lt;Response [520]&gt;.status_code">tests/test_admin_roles_payment.py:458: in test_provider_can_be_paytr
    assert response.status_code == 200
E   assert 520 == 200
E    +  where 520 = &lt;Response [520]&gt;.status_code</failure></testcase><testcase classname="tests.test_admin_roles_payment.TestPaymentSettingsProviderOptions" name="test_provider_can_be_both" time="0.370"><failure message="assert 520 == 200&#10; +  where 520 = &lt;Response [520]&gt;.status_code">tests/test_admin_roles_payment.py:490: in test_provider_can_be_both
    assert response.status_code == 200
E   assert 520 == 200
E    +  where 520 = &lt;Response [520]&gt;.status_code</failure></testcase></testsuite></testsuites>